[debug] [2020-06-08T05:56:03.741Z] ----------------------------------------------------------------------
[debug] [2020-06-08T05:56:03.749Z] Command:       C:\Program Files\nodejs\node.exe C:\Users\Ricardo De Leon\AppData\Roaming\npm\node_modules\firebase-tools\lib\bin\firebase.js deploy
[debug] [2020-06-08T05:56:03.752Z] CLI Version:   8.2.0
[debug] [2020-06-08T05:56:03.752Z] Platform:      win32
[debug] [2020-06-08T05:56:03.752Z] Node Version:  v12.16.1
[debug] [2020-06-08T05:56:03.757Z] Time:          Mon Jun 08 2020 13:56:03 GMT+0800 (Philippine Standard Time)
[debug] [2020-06-08T05:56:03.758Z] ----------------------------------------------------------------------
[debug] [2020-06-08T05:56:03.758Z] 
[debug] [2020-06-08T05:56:03.780Z] > command requires scopes: ["email","openid","https://www.googleapis.com/auth/cloudplatformprojects.readonly","https://www.googleapis.com/auth/firebase","https://www.googleapis.com/auth/cloud-platform"]
[debug] [2020-06-08T05:56:03.781Z] > authorizing via signed-in user
[debug] [2020-06-08T05:56:03.782Z] [iam] checking project cpu-junkterrorbill for permissions ["firebase.projects.get","firebasehosting.sites.update"]
[debug] [2020-06-08T05:56:03.786Z] > refreshing access token with scopes: ["email","https://www.googleapis.com/auth/cloud-platform","https://www.googleapis.com/auth/cloudplatformprojects.readonly","https://www.googleapis.com/auth/firebase","openid"]
[debug] [2020-06-08T05:56:03.786Z] >>> HTTP REQUEST POST https://www.googleapis.com/oauth2/v3/token  
 <request body omitted>
[debug] [2020-06-08T05:56:04.005Z] <<< HTTP RESPONSE 200 {"content-type":"application/json; charset=utf-8","vary":"X-Origin, Referer, Origin,Accept-Encoding","date":"Mon, 08 Jun 2020 05:56:04 GMT","server":"scaffolding on HTTPServer2","cache-control":"private","x-xss-protection":"0","x-frame-options":"SAMEORIGIN","x-content-type-options":"nosniff","alt-svc":"h3-27=\":443\"; ma=2592000,h3-25=\":443\"; ma=2592000,h3-T050=\":443\"; ma=2592000,h3-Q050=\":443\"; ma=2592000,h3-Q049=\":443\"; ma=2592000,h3-Q048=\":443\"; ma=2592000,h3-Q046=\":443\"; ma=2592000,h3-Q043=\":443\"; ma=2592000,quic=\":443\"; ma=2592000; v=\"46,43\"","accept-ranges":"none","transfer-encoding":"chunked"}
[debug] [2020-06-08T05:56:04.020Z] >>> HTTP REQUEST POST https://cloudresourcemanager.googleapis.com/v1/projects/cpu-junkterrorbill:testIamPermissions  
 {"permissions":["firebase.projects.get","firebasehosting.sites.update"]}
[debug] [2020-06-08T05:56:04.389Z] <<< HTTP RESPONSE 200 {"content-type":"application/json; charset=UTF-8","vary":"X-Origin, Referer, Origin,Accept-Encoding","date":"Mon, 08 Jun 2020 05:56:05 GMT","server":"ESF","cache-control":"private","x-xss-protection":"0","x-frame-options":"SAMEORIGIN","x-content-type-options":"nosniff","server-timing":"gfet4t7; dur=173","alt-svc":"h3-27=\":443\"; ma=2592000,h3-25=\":443\"; ma=2592000,h3-T050=\":443\"; ma=2592000,h3-Q050=\":443\"; ma=2592000,h3-Q049=\":443\"; ma=2592000,h3-Q048=\":443\"; ma=2592000,h3-Q046=\":443\"; ma=2592000,h3-Q043=\":443\"; ma=2592000,quic=\":443\"; ma=2592000; v=\"46,43\"","accept-ranges":"none","transfer-encoding":"chunked"}
[debug] [2020-06-08T05:56:04.392Z] >>> HTTP REQUEST GET https://firebase.googleapis.com/v1beta1/projects/cpu-junkterrorbill  
 
[debug] [2020-06-08T05:56:05.154Z] <<< HTTP RESPONSE 200 {"content-type":"application/json; charset=UTF-8","vary":"X-Origin, Referer, Origin,Accept-Encoding","date":"Mon, 08 Jun 2020 05:56:05 GMT","server":"ESF","cache-control":"private","x-xss-protection":"0","x-frame-options":"SAMEORIGIN","x-content-type-options":"nosniff","alt-svc":"h3-27=\":443\"; ma=2592000,h3-25=\":443\"; ma=2592000,h3-T050=\":443\"; ma=2592000,h3-Q050=\":443\"; ma=2592000,h3-Q049=\":443\"; ma=2592000,h3-Q048=\":443\"; ma=2592000,h3-Q046=\":443\"; ma=2592000,h3-Q043=\":443\"; ma=2592000,quic=\":443\"; ma=2592000; v=\"46,43\"","accept-ranges":"none","transfer-encoding":"chunked"}
[info] 
[info] === Deploying to 'cpu-junkterrorbill'...
[info] 
[info] i  deploying hosting
[debug] [2020-06-08T05:56:05.232Z] >>> HTTP REQUEST POST https://firebasehosting.googleapis.com/v1beta1/sites/cpu-junkterrorbill/versions  
 {"config":{},"labels":{"deployment-tool":"cli-firebase"}}
